0 info it worked if it ends with ok
1 verbose cli [ '/usr/bin/node', '/usr/bin/npm', 'install' ]
2 info using npm@3.5.2
3 info using node@v8.10.0
4 silly loadCurrentTree Starting
5 silly install loadCurrentTree
6 silly install readLocalPackageData
7 silly install normalizeTree
8 silly loadCurrentTree Finishing
9 silly loadIdealTree Starting
10 silly install loadIdealTree
11 silly cloneCurrentTree Starting
12 silly install cloneCurrentTreeToIdealTree
13 silly cloneCurrentTree Finishing
14 silly loadShrinkwrap Starting
15 silly install loadShrinkwrap
16 silly loadShrinkwrap Finishing
17 silly loadAllDepsIntoIdealTree Starting
18 silly install loadAllDepsIntoIdealTree
19 silly fetchNamedPackageData @testing-library/jest-dom
20 silly mapToRegistry name @testing-library/jest-dom
21 silly mapToRegistry scope (from package name) @testing-library
22 verbose mapToRegistry no registry URL found in name for scope @testing-library
23 silly mapToRegistry using default registry
24 silly mapToRegistry registry https://registry.npmjs.org/
25 silly mapToRegistry uri https://registry.npmjs.org/@testing-library%2fjest-dom
26 silly fetchNamedPackageData @testing-library/react
27 silly mapToRegistry name @testing-library/react
28 silly mapToRegistry scope (from package name) @testing-library
29 verbose mapToRegistry no registry URL found in name for scope @testing-library
30 silly mapToRegistry using default registry
31 silly mapToRegistry registry https://registry.npmjs.org/
32 silly mapToRegistry uri https://registry.npmjs.org/@testing-library%2freact
33 silly fetchNamedPackageData @testing-library/user-event
34 silly mapToRegistry name @testing-library/user-event
35 silly mapToRegistry scope (from package name) @testing-library
36 verbose mapToRegistry no registry URL found in name for scope @testing-library
37 silly mapToRegistry using default registry
38 silly mapToRegistry registry https://registry.npmjs.org/
39 silly mapToRegistry uri https://registry.npmjs.org/@testing-library%2fuser-event
40 silly fetchNamedPackageData react
41 silly mapToRegistry name react
42 silly mapToRegistry using default registry
43 silly mapToRegistry registry https://registry.npmjs.org/
44 silly mapToRegistry uri https://registry.npmjs.org/react
45 silly fetchNamedPackageData react-dom
46 silly mapToRegistry name react-dom
47 silly mapToRegistry using default registry
48 silly mapToRegistry registry https://registry.npmjs.org/
49 silly mapToRegistry uri https://registry.npmjs.org/react-dom
50 silly fetchNamedPackageData react-scripts
51 silly mapToRegistry name react-scripts
52 silly mapToRegistry using default registry
53 silly mapToRegistry registry https://registry.npmjs.org/
54 silly mapToRegistry uri https://registry.npmjs.org/react-scripts
55 silly fetchNamedPackageData styled-components
56 silly mapToRegistry name styled-components
57 silly mapToRegistry using default registry
58 silly mapToRegistry registry https://registry.npmjs.org/
59 silly mapToRegistry uri https://registry.npmjs.org/styled-components
60 silly fetchNamedPackageData web-vitals
61 silly mapToRegistry name web-vitals
62 silly mapToRegistry using default registry
63 silly mapToRegistry registry https://registry.npmjs.org/
64 silly mapToRegistry uri https://registry.npmjs.org/web-vitals
65 verbose request uri https://registry.npmjs.org/@testing-library%2fuser-event
66 verbose request no auth needed
67 info attempt registry request try #1 at 6:43:06 PM
68 verbose request id a3b525549dba2f88
69 verbose etag W/"21eb274c898a464d9aa649333dfe399e"
70 verbose lastModified Wed, 12 May 2021 20:14:24 GMT
71 http request GET https://registry.npmjs.org/@testing-library%2fuser-event
72 verbose request uri https://registry.npmjs.org/@testing-library%2fjest-dom
73 verbose request no auth needed
74 info attempt registry request try #1 at 6:43:06 PM
75 verbose etag W/"fa49324c1f4e8a8319b45b5c63a8565b"
76 verbose lastModified Fri, 11 Jun 2021 16:24:12 GMT
77 http request GET https://registry.npmjs.org/@testing-library%2fjest-dom
78 verbose request uri https://registry.npmjs.org/react-scripts
79 verbose request no auth needed
80 info attempt registry request try #1 at 6:43:06 PM
81 verbose etag W/"16ec1d91aba935afa636bb967b77d3d8"
82 verbose lastModified Wed, 03 Mar 2021 16:25:41 GMT
83 http request GET https://registry.npmjs.org/react-scripts
84 verbose request uri https://registry.npmjs.org/web-vitals
85 verbose request no auth needed
86 info attempt registry request try #1 at 6:43:06 PM
87 verbose etag W/"0c7f150c2041229d26f1b2227d08384a"
88 verbose lastModified Wed, 02 Jun 2021 19:20:53 GMT
89 http request GET https://registry.npmjs.org/web-vitals
90 verbose request uri https://registry.npmjs.org/@testing-library%2freact
91 verbose request no auth needed
92 info attempt registry request try #1 at 6:43:06 PM
93 verbose etag W/"52b0c5b2aa6e8732bddef1a806b71130"
94 verbose lastModified Sun, 13 Jun 2021 16:06:33 GMT
95 http request GET https://registry.npmjs.org/@testing-library%2freact
96 verbose request uri https://registry.npmjs.org/react-dom
97 verbose request no auth needed
98 info attempt registry request try #1 at 6:43:06 PM
99 verbose etag W/"b45d3575c6d730172cee9508b23a55c3"
100 verbose lastModified Wed, 16 Jun 2021 16:15:23 GMT
101 http request GET https://registry.npmjs.org/react-dom
102 verbose request uri https://registry.npmjs.org/styled-components
103 verbose request no auth needed
104 info attempt registry request try #1 at 6:43:06 PM
105 verbose etag W/"30c3427b7a90bff81278aebf7021018e"
106 verbose lastModified Wed, 05 May 2021 02:17:06 GMT
107 http request GET https://registry.npmjs.org/styled-components
108 verbose request uri https://registry.npmjs.org/react
109 verbose request no auth needed
110 info attempt registry request try #1 at 6:43:06 PM
111 verbose etag W/"e6c4b6e94c1ec4bab46a15fc489605a1"
112 verbose lastModified Wed, 16 Jun 2021 16:15:11 GMT
113 http request GET https://registry.npmjs.org/react
114 http 304 https://registry.npmjs.org/react-scripts
115 verbose headers { date: 'Wed, 16 Jun 2021 16:43:06 GMT',
115 verbose headers   connection: 'keep-alive',
115 verbose headers   'cf-ray': '66057ec5da2dfac4-OSL',
115 verbose headers   age: '3641',
115 verbose headers   'cache-control': 'public, max-age=300',
115 verbose headers   etag: '"16ec1d91aba935afa636bb967b77d3d8"',
115 verbose headers   'last-modified': 'Wed, 03 Mar 2021 16:25:41 GMT',
115 verbose headers   vary: 'Accept-Encoding',
115 verbose headers   'cf-cache-status': 'HIT',
115 verbose headers   'cf-request-id': '0ab74d8fa40000fac4f6ab1000000001',
115 verbose headers   'expect-ct': 'max-age=604800, report-uri="https://report-uri.cloudflare.com/cdn-cgi/beacon/expect-ct"',
115 verbose headers   server: 'cloudflare' }
116 silly get cb [ 304,
116 silly get   { date: 'Wed, 16 Jun 2021 16:43:06 GMT',
116 silly get     connection: 'keep-alive',
116 silly get     'cf-ray': '66057ec5da2dfac4-OSL',
116 silly get     age: '3641',
116 silly get     'cache-control': 'public, max-age=300',
116 silly get     etag: '"16ec1d91aba935afa636bb967b77d3d8"',
116 silly get     'last-modified': 'Wed, 03 Mar 2021 16:25:41 GMT',
116 silly get     vary: 'Accept-Encoding',
116 silly get     'cf-cache-status': 'HIT',
116 silly get     'cf-request-id': '0ab74d8fa40000fac4f6ab1000000001',
116 silly get     'expect-ct': 'max-age=604800, report-uri="https://report-uri.cloudflare.com/cdn-cgi/beacon/expect-ct"',
116 silly get     server: 'cloudflare' } ]
117 verbose etag https://registry.npmjs.org/react-scripts from cache
118 verbose get saving react-scripts to /home/dave/.npm/registry.npmjs.org/react-scripts/.cache.json
119 http 304 https://registry.npmjs.org/@testing-library%2fuser-event
120 verbose headers { date: 'Wed, 16 Jun 2021 16:43:06 GMT',
120 verbose headers   connection: 'keep-alive',
120 verbose headers   'cf-ray': '66057ec5cd82fabc-OSL',
120 verbose headers   age: '6068',
120 verbose headers   'cache-control': 'public, max-age=300',
120 verbose headers   etag: '"21eb274c898a464d9aa649333dfe399e"',
120 verbose headers   'last-modified': 'Wed, 12 May 2021 20:14:24 GMT',
120 verbose headers   vary: 'Accept-Encoding',
120 verbose headers   'cf-cache-status': 'HIT',
120 verbose headers   'cf-request-id': '0ab74d8f9b0000fabc23957000000001',
120 verbose headers   'expect-ct': 'max-age=604800, report-uri="https://report-uri.cloudflare.com/cdn-cgi/beacon/expect-ct"',
120 verbose headers   server: 'cloudflare' }
121 silly get cb [ 304,
121 silly get   { date: 'Wed, 16 Jun 2021 16:43:06 GMT',
121 silly get     connection: 'keep-alive',
121 silly get     'cf-ray': '66057ec5cd82fabc-OSL',
121 silly get     age: '6068',
121 silly get     'cache-control': 'public, max-age=300',
121 silly get     etag: '"21eb274c898a464d9aa649333dfe399e"',
121 silly get     'last-modified': 'Wed, 12 May 2021 20:14:24 GMT',
121 silly get     vary: 'Accept-Encoding',
121 silly get     'cf-cache-status': 'HIT',
121 silly get     'cf-request-id': '0ab74d8f9b0000fabc23957000000001',
121 silly get     'expect-ct': 'max-age=604800, report-uri="https://report-uri.cloudflare.com/cdn-cgi/beacon/expect-ct"',
121 silly get     server: 'cloudflare' } ]
122 verbose etag https://registry.npmjs.org/@testing-library%2fuser-event from cache
123 verbose get saving @testing-library/user-event to /home/dave/.npm/registry.npmjs.org/_40testing-library_252fuser-event/.cache.json
124 http 304 https://registry.npmjs.org/@testing-library%2fjest-dom
125 verbose headers { date: 'Wed, 16 Jun 2021 16:43:06 GMT',
125 verbose headers   connection: 'keep-alive',
125 verbose headers   'cf-ray': '66057ec5cff31c12-OSL',
125 verbose headers   age: '2313',
125 verbose headers   'cache-control': 'public, max-age=300',
125 verbose headers   etag: '"fa49324c1f4e8a8319b45b5c63a8565b"',
125 verbose headers   'last-modified': 'Fri, 11 Jun 2021 16:24:12 GMT',
125 verbose headers   vary: 'Accept-Encoding',
125 verbose headers   'cf-cache-status': 'HIT',
125 verbose headers   'cf-request-id': '0ab74d8f9b00001c1259b90000000001',
125 verbose headers   'expect-ct': 'max-age=604800, report-uri="https://report-uri.cloudflare.com/cdn-cgi/beacon/expect-ct"',
125 verbose headers   server: 'cloudflare' }
126 silly get cb [ 304,
126 silly get   { date: 'Wed, 16 Jun 2021 16:43:06 GMT',
126 silly get     connection: 'keep-alive',
126 silly get     'cf-ray': '66057ec5cff31c12-OSL',
126 silly get     age: '2313',
126 silly get     'cache-control': 'public, max-age=300',
126 silly get     etag: '"fa49324c1f4e8a8319b45b5c63a8565b"',
126 silly get     'last-modified': 'Fri, 11 Jun 2021 16:24:12 GMT',
126 silly get     vary: 'Accept-Encoding',
126 silly get     'cf-cache-status': 'HIT',
126 silly get     'cf-request-id': '0ab74d8f9b00001c1259b90000000001',
126 silly get     'expect-ct': 'max-age=604800, report-uri="https://report-uri.cloudflare.com/cdn-cgi/beacon/expect-ct"',
126 silly get     server: 'cloudflare' } ]
127 verbose etag https://registry.npmjs.org/@testing-library%2fjest-dom from cache
128 verbose get saving @testing-library/jest-dom to /home/dave/.npm/registry.npmjs.org/_40testing-library_252fjest-dom/.cache.json
129 http 304 https://registry.npmjs.org/react-dom
130 verbose headers { date: 'Wed, 16 Jun 2021 16:43:06 GMT',
130 verbose headers   connection: 'keep-alive',
130 verbose headers   'cf-ray': '66057ec5ea951c16-OSL',
130 verbose headers   age: '531',
130 verbose headers   'cache-control': 'public, max-age=300',
130 verbose headers   etag: '"b45d3575c6d730172cee9508b23a55c3"',
130 verbose headers   'last-modified': 'Wed, 16 Jun 2021 16:15:23 GMT',
130 verbose headers   vary: 'Accept-Encoding',
130 verbose headers   'cf-cache-status': 'HIT',
130 verbose headers   'cf-request-id': '0ab74d8fb500001c16d3a12000000001',
130 verbose headers   'expect-ct': 'max-age=604800, report-uri="https://report-uri.cloudflare.com/cdn-cgi/beacon/expect-ct"',
130 verbose headers   server: 'cloudflare' }
131 silly get cb [ 304,
131 silly get   { date: 'Wed, 16 Jun 2021 16:43:06 GMT',
131 silly get     connection: 'keep-alive',
131 silly get     'cf-ray': '66057ec5ea951c16-OSL',
131 silly get     age: '531',
131 silly get     'cache-control': 'public, max-age=300',
131 silly get     etag: '"b45d3575c6d730172cee9508b23a55c3"',
131 silly get     'last-modified': 'Wed, 16 Jun 2021 16:15:23 GMT',
131 silly get     vary: 'Accept-Encoding',
131 silly get     'cf-cache-status': 'HIT',
131 silly get     'cf-request-id': '0ab74d8fb500001c16d3a12000000001',
131 silly get     'expect-ct': 'max-age=604800, report-uri="https://report-uri.cloudflare.com/cdn-cgi/beacon/expect-ct"',
131 silly get     server: 'cloudflare' } ]
132 verbose etag https://registry.npmjs.org/react-dom from cache
133 verbose get saving react-dom to /home/dave/.npm/registry.npmjs.org/react-dom/.cache.json
134 http 304 https://registry.npmjs.org/web-vitals
135 verbose headers { date: 'Wed, 16 Jun 2021 16:43:06 GMT',
135 verbose headers   connection: 'keep-alive',
135 verbose headers   'cf-ray': '66057ec5fa4c0b55-OSL',
135 verbose headers   age: '2675',
135 verbose headers   'cache-control': 'public, max-age=300',
135 verbose headers   etag: '"0c7f150c2041229d26f1b2227d08384a"',
135 verbose headers   'last-modified': 'Wed, 02 Jun 2021 19:20:53 GMT',
135 verbose headers   vary: 'Accept-Encoding',
135 verbose headers   'cf-cache-status': 'HIT',
135 verbose headers   'cf-request-id': '0ab74d8fba00000b5596865000000001',
135 verbose headers   'expect-ct': 'max-age=604800, report-uri="https://report-uri.cloudflare.com/cdn-cgi/beacon/expect-ct"',
135 verbose headers   server: 'cloudflare' }
136 silly get cb [ 304,
136 silly get   { date: 'Wed, 16 Jun 2021 16:43:06 GMT',
136 silly get     connection: 'keep-alive',
136 silly get     'cf-ray': '66057ec5fa4c0b55-OSL',
136 silly get     age: '2675',
136 silly get     'cache-control': 'public, max-age=300',
136 silly get     etag: '"0c7f150c2041229d26f1b2227d08384a"',
136 silly get     'last-modified': 'Wed, 02 Jun 2021 19:20:53 GMT',
136 silly get     vary: 'Accept-Encoding',
136 silly get     'cf-cache-status': 'HIT',
136 silly get     'cf-request-id': '0ab74d8fba00000b5596865000000001',
136 silly get     'expect-ct': 'max-age=604800, report-uri="https://report-uri.cloudflare.com/cdn-cgi/beacon/expect-ct"',
136 silly get     server: 'cloudflare' } ]
137 verbose etag https://registry.npmjs.org/web-vitals from cache
138 verbose get saving web-vitals to /home/dave/.npm/registry.npmjs.org/web-vitals/.cache.json
139 http 304 https://registry.npmjs.org/styled-components
140 verbose headers { date: 'Wed, 16 Jun 2021 16:43:06 GMT',
140 verbose headers   connection: 'keep-alive',
140 verbose headers   'cf-ray': '66057ec5eadcfab8-OSL',
140 verbose headers   age: '1778',
140 verbose headers   'cache-control': 'public, max-age=300',
140 verbose headers   etag: '"30c3427b7a90bff81278aebf7021018e"',
140 verbose headers   'last-modified': 'Wed, 05 May 2021 02:17:06 GMT',
140 verbose headers   vary: 'Accept-Encoding',
140 verbose headers   'cf-cache-status': 'HIT',
140 verbose headers   'cf-request-id': '0ab74d8fb60000fab86504a000000001',
140 verbose headers   'expect-ct': 'max-age=604800, report-uri="https://report-uri.cloudflare.com/cdn-cgi/beacon/expect-ct"',
140 verbose headers   server: 'cloudflare' }
141 silly get cb [ 304,
141 silly get   { date: 'Wed, 16 Jun 2021 16:43:06 GMT',
141 silly get     connection: 'keep-alive',
141 silly get     'cf-ray': '66057ec5eadcfab8-OSL',
141 silly get     age: '1778',
141 silly get     'cache-control': 'public, max-age=300',
141 silly get     etag: '"30c3427b7a90bff81278aebf7021018e"',
141 silly get     'last-modified': 'Wed, 05 May 2021 02:17:06 GMT',
141 silly get     vary: 'Accept-Encoding',
141 silly get     'cf-cache-status': 'HIT',
141 silly get     'cf-request-id': '0ab74d8fb60000fab86504a000000001',
141 silly get     'expect-ct': 'max-age=604800, report-uri="https://report-uri.cloudflare.com/cdn-cgi/beacon/expect-ct"',
141 silly get     server: 'cloudflare' } ]
142 verbose etag https://registry.npmjs.org/styled-components from cache
143 verbose get saving styled-components to /home/dave/.npm/registry.npmjs.org/styled-components/.cache.json
144 http 304 https://registry.npmjs.org/react
145 verbose headers { date: 'Wed, 16 Jun 2021 16:43:06 GMT',
145 verbose headers   connection: 'keep-alive',
145 verbose headers   'cf-ray': '66057ec5fb7a0b59-OSL',
145 verbose headers   age: '562',
145 verbose headers   'cache-control': 'public, max-age=300',
145 verbose headers   etag: '"e6c4b6e94c1ec4bab46a15fc489605a1"',
145 verbose headers   'last-modified': 'Wed, 16 Jun 2021 16:15:11 GMT',
145 verbose headers   vary: 'Accept-Encoding',
145 verbose headers   'cf-cache-status': 'HIT',
145 verbose headers   'cf-request-id': '0ab74d8fbc00000b59bbb4d000000001',
145 verbose headers   'expect-ct': 'max-age=604800, report-uri="https://report-uri.cloudflare.com/cdn-cgi/beacon/expect-ct"',
145 verbose headers   server: 'cloudflare' }
146 silly get cb [ 304,
146 silly get   { date: 'Wed, 16 Jun 2021 16:43:06 GMT',
146 silly get     connection: 'keep-alive',
146 silly get     'cf-ray': '66057ec5fb7a0b59-OSL',
146 silly get     age: '562',
146 silly get     'cache-control': 'public, max-age=300',
146 silly get     etag: '"e6c4b6e94c1ec4bab46a15fc489605a1"',
146 silly get     'last-modified': 'Wed, 16 Jun 2021 16:15:11 GMT',
146 silly get     vary: 'Accept-Encoding',
146 silly get     'cf-cache-status': 'HIT',
146 silly get     'cf-request-id': '0ab74d8fbc00000b59bbb4d000000001',
146 silly get     'expect-ct': 'max-age=604800, report-uri="https://report-uri.cloudflare.com/cdn-cgi/beacon/expect-ct"',
146 silly get     server: 'cloudflare' } ]
147 verbose etag https://registry.npmjs.org/react from cache
148 verbose get saving react to /home/dave/.npm/registry.npmjs.org/react/.cache.json
149 silly resolveWithNewModule react-scripts@4.0.1 checking installable status
150 silly cache add args [ 'react-scripts@4.0.1', null ]
151 verbose cache add spec react-scripts@4.0.1
152 silly cache add parsed spec Result {
152 silly cache add   raw: 'react-scripts@4.0.1',
152 silly cache add   scope: null,
152 silly cache add   name: 'react-scripts',
152 silly cache add   rawSpec: '4.0.1',
152 silly cache add   spec: '4.0.1',
152 silly cache add   type: 'version' }
153 silly addNamed react-scripts@4.0.1
154 verbose addNamed "4.0.1" is a plain semver version for react-scripts
155 silly mapToRegistry name react-scripts
156 silly mapToRegistry using default registry
157 silly mapToRegistry registry https://registry.npmjs.org/
158 silly mapToRegistry uri https://registry.npmjs.org/react-scripts
159 verbose addNameVersion registry:https://registry.npmjs.org/react-scripts not in flight; fetching
160 http 304 https://registry.npmjs.org/@testing-library%2freact
161 verbose headers { date: 'Wed, 16 Jun 2021 16:43:06 GMT',
161 verbose headers   connection: 'keep-alive',
161 verbose headers   'cf-ray': '66057ec5f97dfac0-OSL',
161 verbose headers   age: '973',
161 verbose headers   'cache-control': 'public, max-age=300',
161 verbose headers   etag: '"52b0c5b2aa6e8732bddef1a806b71130"',
161 verbose headers   'last-modified': 'Sun, 13 Jun 2021 16:06:33 GMT',
161 verbose headers   vary: 'Accept-Encoding',
161 verbose headers   'cf-cache-status': 'HIT',
161 verbose headers   'cf-request-id': '0ab74d8fbc0000fac094a27000000001',
161 verbose headers   'expect-ct': 'max-age=604800, report-uri="https://report-uri.cloudflare.com/cdn-cgi/beacon/expect-ct"',
161 verbose headers   server: 'cloudflare' }
162 silly get cb [ 304,
162 silly get   { date: 'Wed, 16 Jun 2021 16:43:06 GMT',
162 silly get     connection: 'keep-alive',
162 silly get     'cf-ray': '66057ec5f97dfac0-OSL',
162 silly get     age: '973',
162 silly get     'cache-control': 'public, max-age=300',
162 silly get     etag: '"52b0c5b2aa6e8732bddef1a806b71130"',
162 silly get     'last-modified': 'Sun, 13 Jun 2021 16:06:33 GMT',
162 silly get     vary: 'Accept-Encoding',
162 silly get     'cf-cache-status': 'HIT',
162 silly get     'cf-request-id': '0ab74d8fbc0000fac094a27000000001',
162 silly get     'expect-ct': 'max-age=604800, report-uri="https://report-uri.cloudflare.com/cdn-cgi/beacon/expect-ct"',
162 silly get     server: 'cloudflare' } ]
163 verbose etag https://registry.npmjs.org/@testing-library%2freact from cache
164 verbose get saving @testing-library/react to /home/dave/.npm/registry.npmjs.org/_40testing-library_252freact/.cache.json
165 silly resolveWithNewModule @testing-library/user-event@12.8.3 checking installable status
166 silly cache add args [ '@testing-library/user-event@^12.5.0', null ]
167 verbose cache add spec @testing-library/user-event@^12.5.0
168 silly cache add parsed spec Result {
168 silly cache add   raw: '@testing-library/user-event@^12.5.0',
168 silly cache add   scope: '@testing-library',
168 silly cache add   name: '@testing-library/user-event',
168 silly cache add   rawSpec: '^12.5.0',
168 silly cache add   spec: '>=12.5.0 <13.0.0',
168 silly cache add   type: 'range' }
169 silly addNamed @testing-library/user-event@>=12.5.0 <13.0.0
170 verbose addNamed ">=12.5.0 <13.0.0" is a valid semver range for @testing-library/user-event
171 silly addNameRange { name: '@testing-library/user-event',
171 silly addNameRange   range: '>=12.5.0 <13.0.0',
171 silly addNameRange   hasData: false }
172 silly mapToRegistry name @testing-library/user-event
173 silly mapToRegistry scope (from package name) @testing-library
174 verbose mapToRegistry no registry URL found in name for scope @testing-library
175 silly mapToRegistry using default registry
176 silly mapToRegistry registry https://registry.npmjs.org/
177 silly mapToRegistry uri https://registry.npmjs.org/@testing-library%2fuser-event
178 verbose addNameRange registry:https://registry.npmjs.org/@testing-library%2fuser-event not in flight; fetching
179 silly resolveWithNewModule @testing-library/jest-dom@5.14.1 checking installable status
180 silly cache add args [ '@testing-library/jest-dom@^5.11.6', null ]
181 verbose cache add spec @testing-library/jest-dom@^5.11.6
182 silly cache add parsed spec Result {
182 silly cache add   raw: '@testing-library/jest-dom@^5.11.6',
182 silly cache add   scope: '@testing-library',
182 silly cache add   name: '@testing-library/jest-dom',
182 silly cache add   rawSpec: '^5.11.6',
182 silly cache add   spec: '>=5.11.6 <6.0.0',
182 silly cache add   type: 'range' }
183 silly addNamed @testing-library/jest-dom@>=5.11.6 <6.0.0
184 verbose addNamed ">=5.11.6 <6.0.0" is a valid semver range for @testing-library/jest-dom
185 silly addNameRange { name: '@testing-library/jest-dom',
185 silly addNameRange   range: '>=5.11.6 <6.0.0',
185 silly addNameRange   hasData: false }
186 silly mapToRegistry name @testing-library/jest-dom
187 silly mapToRegistry scope (from package name) @testing-library
188 verbose mapToRegistry no registry URL found in name for scope @testing-library
189 silly mapToRegistry using default registry
190 silly mapToRegistry registry https://registry.npmjs.org/
191 silly mapToRegistry uri https://registry.npmjs.org/@testing-library%2fjest-dom
192 verbose addNameRange registry:https://registry.npmjs.org/@testing-library%2fjest-dom not in flight; fetching
193 verbose get https://registry.npmjs.org/react-scripts not expired, no request
194 silly resolveWithNewModule web-vitals@0.2.4 checking installable status
195 silly cache add args [ 'web-vitals@^0.2.4', null ]
196 verbose cache add spec web-vitals@^0.2.4
197 silly cache add parsed spec Result {
197 silly cache add   raw: 'web-vitals@^0.2.4',
197 silly cache add   scope: null,
197 silly cache add   name: 'web-vitals',
197 silly cache add   rawSpec: '^0.2.4',
197 silly cache add   spec: '>=0.2.4 <0.3.0',
197 silly cache add   type: 'range' }
198 silly addNamed web-vitals@>=0.2.4 <0.3.0
199 verbose addNamed ">=0.2.4 <0.3.0" is a valid semver range for web-vitals
200 silly addNameRange { name: 'web-vitals', range: '>=0.2.4 <0.3.0', hasData: false }
201 silly mapToRegistry name web-vitals
202 silly mapToRegistry using default registry
203 silly mapToRegistry registry https://registry.npmjs.org/
204 silly mapToRegistry uri https://registry.npmjs.org/web-vitals
205 verbose addNameRange registry:https://registry.npmjs.org/web-vitals not in flight; fetching
206 silly resolveWithNewModule react-dom@17.0.2 checking installable status
207 silly cache add args [ 'react-dom@^17.0.1', null ]
208 verbose cache add spec react-dom@^17.0.1
209 silly cache add parsed spec Result {
209 silly cache add   raw: 'react-dom@^17.0.1',
209 silly cache add   scope: null,
209 silly cache add   name: 'react-dom',
209 silly cache add   rawSpec: '^17.0.1',
209 silly cache add   spec: '>=17.0.1 <18.0.0',
209 silly cache add   type: 'range' }
210 silly addNamed react-dom@>=17.0.1 <18.0.0
211 verbose addNamed ">=17.0.1 <18.0.0" is a valid semver range for react-dom
212 silly addNameRange { name: 'react-dom', range: '>=17.0.1 <18.0.0', hasData: false }
213 silly mapToRegistry name react-dom
214 silly mapToRegistry using default registry
215 silly mapToRegistry registry https://registry.npmjs.org/
216 silly mapToRegistry uri https://registry.npmjs.org/react-dom
217 verbose addNameRange registry:https://registry.npmjs.org/react-dom not in flight; fetching
218 silly resolveWithNewModule styled-components@5.3.0 checking installable status
219 silly cache add args [ 'styled-components@^5.3.0', null ]
220 verbose cache add spec styled-components@^5.3.0
221 silly cache add parsed spec Result {
221 silly cache add   raw: 'styled-components@^5.3.0',
221 silly cache add   scope: null,
221 silly cache add   name: 'styled-components',
221 silly cache add   rawSpec: '^5.3.0',
221 silly cache add   spec: '>=5.3.0 <6.0.0',
221 silly cache add   type: 'range' }
222 silly addNamed styled-components@>=5.3.0 <6.0.0
223 verbose addNamed ">=5.3.0 <6.0.0" is a valid semver range for styled-components
224 silly addNameRange { name: 'styled-components',
224 silly addNameRange   range: '>=5.3.0 <6.0.0',
224 silly addNameRange   hasData: false }
225 silly mapToRegistry name styled-components
226 silly mapToRegistry using default registry
227 silly mapToRegistry registry https://registry.npmjs.org/
228 silly mapToRegistry uri https://registry.npmjs.org/styled-components
229 verbose addNameRange registry:https://registry.npmjs.org/styled-components not in flight; fetching
230 silly resolveWithNewModule react@17.0.2 checking installable status
231 silly cache add args [ 'react@^17.0.1', null ]
232 verbose cache add spec react@^17.0.1
233 silly cache add parsed spec Result {
233 silly cache add   raw: 'react@^17.0.1',
233 silly cache add   scope: null,
233 silly cache add   name: 'react',
233 silly cache add   rawSpec: '^17.0.1',
233 silly cache add   spec: '>=17.0.1 <18.0.0',
233 silly cache add   type: 'range' }
234 silly addNamed react@>=17.0.1 <18.0.0
235 verbose addNamed ">=17.0.1 <18.0.0" is a valid semver range for react
236 silly addNameRange { name: 'react', range: '>=17.0.1 <18.0.0', hasData: false }
237 silly mapToRegistry name react
238 silly mapToRegistry using default registry
239 silly mapToRegistry registry https://registry.npmjs.org/
240 silly mapToRegistry uri https://registry.npmjs.org/react
241 verbose addNameRange registry:https://registry.npmjs.org/react not in flight; fetching
242 verbose get https://registry.npmjs.org/@testing-library%2fuser-event not expired, no request
243 silly addNameRange number 2 { name: '@testing-library/user-event',
243 silly addNameRange   range: '>=12.5.0 <13.0.0',
243 silly addNameRange   hasData: true }
244 silly addNameRange versions [ '@testing-library/user-event',
244 silly addNameRange   [ '0.0.0-development',
244 silly addNameRange     '4.0.0',
244 silly addNameRange     '4.1.0',
244 silly addNameRange     '4.2.0',
244 silly addNameRange     '4.2.1',
244 silly addNameRange     '4.2.2',
244 silly addNameRange     '4.2.3',
244 silly addNameRange     '4.2.4',
244 silly addNameRange     '5.0.0',
244 silly addNameRange     '6.0.0',
244 silly addNameRange     '7.0.0',
244 silly addNameRange     '7.0.1',
244 silly addNameRange     '7.1.0',
244 silly addNameRange     '7.1.1',
244 silly addNameRange     '7.1.2',
244 silly addNameRange     '7.2.0',
244 silly addNameRange     '7.2.1',
244 silly addNameRange     '8.0.0',
244 silly addNameRange     '8.0.1',
244 silly addNameRange     '8.0.2',
244 silly addNameRange     '8.0.3',
244 silly addNameRange     '8.0.4',
244 silly addNameRange     '8.0.5',
244 silly addNameRange     '8.0.6',
244 silly addNameRange     '8.0.7',
244 silly addNameRange     '8.1.0',
244 silly addNameRange     '8.1.1',
244 silly addNameRange     '8.1.2',
244 silly addNameRange     '8.1.3',
244 silly addNameRange     '9.0.0',
244 silly addNameRange     '10.0.0',
244 silly addNameRange     '10.0.1',
244 silly addNameRange     '10.0.2',
244 silly addNameRange     '10.1.0',
244 silly addNameRange     '10.1.1',
244 silly addNameRange     '10.1.2',
244 silly addNameRange     '10.2.0',
244 silly addNameRange     '10.2.1',
244 silly addNameRange     '10.2.2',
244 silly addNameRange     '10.2.3',
244 silly addNameRange     '10.2.4',
244 silly addNameRange     '10.3.0',
244 silly addNameRange     '10.3.1',
244 silly addNameRange     '10.3.2',
244 silly addNameRange     '10.3.3',
244 silly addNameRange     '10.3.4',
244 silly addNameRange     '10.3.5',
244 silly addNameRange     '10.4.0',
244 silly addNameRange     '10.4.1',
244 silly addNameRange     '11.0.0',
244 silly addNameRange     '11.0.1',
244 silly addNameRange     '11.1.0',
244 silly addNameRange     '11.2.0',
244 silly addNameRange     '11.2.1',
244 silly addNameRange     '11.3.0',
244 silly addNameRange     '11.3.1',
244 silly addNameRange     '11.3.2',
244 silly addNameRange     '11.4.0',
244 silly addNameRange     '11.4.1',
244 silly addNameRange     '11.4.2',
244 silly addNameRange     '12.0.0-alpha.1',
244 silly addNameRange     '12.0.0-alpha.2',
244 silly addNameRange     '12.0.0-alpha.3',
244 silly addNameRange     '12.0.0',
244 silly addNameRange     '12.0.1',
244 silly addNameRange     '12.0.2',
244 silly addNameRange     '12.0.3',
244 silly addNameRange     '12.0.4',
244 silly addNameRange     '12.0.5',
244 silly addNameRange     '12.0.6',
244 silly addNameRange     '12.0.7',
244 silly addNameRange     '12.0.8',
244 silly addNameRange     '12.0.9',
244 silly addNameRange     '12.0.10',
244 silly addNameRange     '12.0.11',
244 silly addNameRange     '12.0.12',
244 silly addNameRange     '12.0.13',
244 silly addNameRange     '12.0.14',
244 silly addNameRange     '12.0.15',
244 silly addNameRange     '12.0.16',
244 silly addNameRange     '12.0.17',
244 silly addNameRange     '12.1.0',
244 silly addNameRange     '12.1.1',
244 silly addNameRange     '12.1.2',
244 silly addNameRange     '12.1.3',
244 silly addNameRange     '12.1.4',
244 silly addNameRange     '12.1.5',
244 silly addNameRange     '12.1.6',
244 silly addNameRange     '12.1.7',
244 silly addNameRange     '12.1.8',
244 silly addNameRange     '12.1.9',
244 silly addNameRange     '12.1.10',
244 silly addNameRange     '12.2.0',
244 silly addNameRange     '12.2.1',
244 silly addNameRange     '12.2.2',
244 silly addNameRange     '12.3.0',
244 silly addNameRange     '12.4.0',
244 silly addNameRange     '12.5.0',
244 silly addNameRange     '12.6.0',
244 silly addNameRange     '12.6.1',
244 silly addNameRange     ... 38 more items ] ]
245 silly addNamed @testing-library/user-event@12.8.3
246 verbose addNamed "12.8.3" is a plain semver version for @testing-library/user-event
247 verbose get https://registry.npmjs.org/@testing-library%2fjest-dom not expired, no request
248 silly addNameRange number 2 { name: '@testing-library/jest-dom',
248 silly addNameRange   range: '>=5.11.6 <6.0.0',
248 silly addNameRange   hasData: true }
249 silly addNameRange versions [ '@testing-library/jest-dom',
249 silly addNameRange   [ '0.0.0',
249 silly addNameRange     '4.0.0',
249 silly addNameRange     '4.0.1',
249 silly addNameRange     '4.1.0',
249 silly addNameRange     '4.1.1',
249 silly addNameRange     '4.1.2',
249 silly addNameRange     '4.2.0',
249 silly addNameRange     '4.2.1',
249 silly addNameRange     '4.2.2',
249 silly addNameRange     '4.2.3',
249 silly addNameRange     '4.2.4',
249 silly addNameRange     '5.0.0',
249 silly addNameRange     '5.0.1',
249 silly addNameRange     '5.0.2',
249 silly addNameRange     '5.1.0',
249 silly addNameRange     '5.1.1',
249 silly addNameRange     '5.2.0',
249 silly addNameRange     '5.3.0',
249 silly addNameRange     '5.4.0',
249 silly addNameRange     '5.5.0',
249 silly addNameRange     '5.6.0',
249 silly addNameRange     '5.7.0',
249 silly addNameRange     '5.7.0-beta.1',
249 silly addNameRange     '5.8.0',
249 silly addNameRange     '5.9.0',
249 silly addNameRange     '5.10.0',
249 silly addNameRange     '5.10.1',
249 silly addNameRange     '5.11.0',
249 silly addNameRange     '5.11.1',
249 silly addNameRange     '5.11.2',
249 silly addNameRange     '5.11.3',
249 silly addNameRange     '5.11.4',
249 silly addNameRange     '5.11.5',
249 silly addNameRange     '5.11.6',
249 silly addNameRange     '5.11.7',
249 silly addNameRange     '5.11.8',
249 silly addNameRange     '5.11.9',
249 silly addNameRange     '5.11.10',
249 silly addNameRange     '5.12.0',
249 silly addNameRange     '5.13.0',
249 silly addNameRange     '5.14.0',
249 silly addNameRange     '5.14.1' ] ]
250 silly addNamed @testing-library/jest-dom@5.14.1
251 verbose addNamed "5.14.1" is a plain semver version for @testing-library/jest-dom
252 silly resolveWithNewModule @testing-library/react@11.2.7 checking installable status
253 silly cache add args [ '@testing-library/react@^11.2.2', null ]
254 verbose cache add spec @testing-library/react@^11.2.2
255 silly cache add parsed spec Result {
255 silly cache add   raw: '@testing-library/react@^11.2.2',
255 silly cache add   scope: '@testing-library',
255 silly cache add   name: '@testing-library/react',
255 silly cache add   rawSpec: '^11.2.2',
255 silly cache add   spec: '>=11.2.2 <12.0.0',
255 silly cache add   type: 'range' }
256 silly addNamed @testing-library/react@>=11.2.2 <12.0.0
257 verbose addNamed ">=11.2.2 <12.0.0" is a valid semver range for @testing-library/react
258 silly addNameRange { name: '@testing-library/react',
258 silly addNameRange   range: '>=11.2.2 <12.0.0',
258 silly addNameRange   hasData: false }
259 silly mapToRegistry name @testing-library/react
260 silly mapToRegistry scope (from package name) @testing-library
261 verbose mapToRegistry no registry URL found in name for scope @testing-library
262 silly mapToRegistry using default registry
263 silly mapToRegistry registry https://registry.npmjs.org/
264 silly mapToRegistry uri https://registry.npmjs.org/@testing-library%2freact
265 verbose addNameRange registry:https://registry.npmjs.org/@testing-library%2freact not in flight; fetching
266 verbose get https://registry.npmjs.org/web-vitals not expired, no request
267 silly addNameRange number 2 { name: 'web-vitals', range: '>=0.2.4 <0.3.0', hasData: true }
268 silly addNameRange versions [ 'web-vitals',
268 silly addNameRange   [ '0.1.0',
268 silly addNameRange     '0.2.0',
268 silly addNameRange     '0.2.1',
268 silly addNameRange     '0.2.2',
268 silly addNameRange     '0.2.3',
268 silly addNameRange     '0.2.4',
268 silly addNameRange     '1.0.0',
268 silly addNameRange     '1.0.1',
268 silly addNameRange     '1.1.0',
268 silly addNameRange     '1.1.1',
268 silly addNameRange     '1.1.2',
268 silly addNameRange     '2.0.0-beta.0',
268 silly addNameRange     '2.0.0-beta.1',
268 silly addNameRange     '2.0.0-beta.2',
268 silly addNameRange     '2.0.0',
268 silly addNameRange     '2.0.1' ] ]
269 silly addNamed web-vitals@0.2.4
270 verbose addNamed "0.2.4" is a plain semver version for web-vitals
271 verbose get https://registry.npmjs.org/react-dom not expired, no request
272 silly addNameRange number 2 { name: 'react-dom', range: '>=17.0.1 <18.0.0', hasData: true }
273 silly addNameRange versions [ 'react-dom',
273 silly addNameRange   [ '0.1.0',
273 silly addNameRange     '0.14.0-beta1',
273 silly addNameRange     '0.14.0-beta2',
273 silly addNameRange     '0.14.0-beta3',
273 silly addNameRange     '0.14.0-rc1',
273 silly addNameRange     '0.14.0',
273 silly addNameRange     '0.14.1',
273 silly addNameRange     '0.14.2',
273 silly addNameRange     '0.14.3',
273 silly addNameRange     '0.14.4',
273 silly addNameRange     '0.14.5',
273 silly addNameRange     '0.14.6',
273 silly addNameRange     '0.15.0-alpha.1',
273 silly addNameRange     '0.14.7',
273 silly addNameRange     '15.0.0-rc.1',
273 silly addNameRange     '15.0.0-rc.2',
273 silly addNameRange     '0.14.8',
273 silly addNameRange     '15.0.0',
273 silly addNameRange     '15.0.1',
273 silly addNameRange     '15.0.2-alpha.1',
273 silly addNameRange     '15.0.2-alpha.2',
273 silly addNameRange     '15.0.2-alpha.3',
273 silly addNameRange     '15.0.2-alpha.4',
273 silly addNameRange     '15.0.2',
273 silly addNameRange     '15.0.3-alpha.1',
273 silly addNameRange     '15.0.3-alpha.2',
273 silly addNameRange     '15.1.0-alpha.1',
273 silly addNameRange     '15.1.0',
273 silly addNameRange     '15.2.0-rc.1',
273 silly addNameRange     '15.2.0-rc.2',
273 silly addNameRange     '15.2.0',
273 silly addNameRange     '15.2.1',
273 silly addNameRange     '15.3.0-rc.1',
273 silly addNameRange     '15.3.0-rc.2',
273 silly addNameRange     '15.3.0-rc.3',
273 silly addNameRange     '15.3.0',
273 silly addNameRange     '15.3.1-rc.1',
273 silly addNameRange     '15.3.1-rc.2',
273 silly addNameRange     '15.3.1',
273 silly addNameRange     '15.3.2-rc.1',
273 silly addNameRange     '15.3.2',
273 silly addNameRange     '15.4.0-rc.1',
273 silly addNameRange     '15.4.0-rc.2',
273 silly addNameRange     '15.4.0-rc.3',
273 silly addNameRange     '15.4.0-rc.4',
273 silly addNameRange     '15.4.0',
273 silly addNameRange     '15.4.1',
273 silly addNameRange     '15.4.2',
273 silly addNameRange     '16.0.0-alpha',
273 silly addNameRange     '16.0.0-alpha.0',
273 silly addNameRange     '16.0.0-alpha.2',
273 silly addNameRange     '16.0.0-alpha.3',
273 silly addNameRange     '16.0.0-alpha.4',
273 silly addNameRange     '16.0.0-alpha.5',
273 silly addNameRange     '16.0.0-alpha.6',
273 silly addNameRange     '15.5.0-rc.1',
273 silly addNameRange     '16.0.0-alpha.7',
273 silly addNameRange     '15.5.0-rc.2',
273 silly addNameRange     '16.0.0-alpha.8',
273 silly addNameRange     '15.5.0',
273 silly addNameRange     '15.5.1',
273 silly addNameRange     '15.5.2',
273 silly addNameRange     '15.5.3',
273 silly addNameRange     '15.5.4',
273 silly addNameRange     '16.0.0-alpha.9',
273 silly addNameRange     '0.14.9',
273 silly addNameRange     '16.0.0-alpha.10',
273 silly addNameRange     '16.0.0-alpha.11',
273 silly addNameRange     '16.0.0-alpha.12',
273 silly addNameRange     '15.6.0-rc.1',
273 silly addNameRange     '16.0.0-alpha.13',
273 silly addNameRange     '15.6.0',
273 silly addNameRange     '15.6.1',
273 silly addNameRange     '16.0.0-beta.1',
273 silly addNameRange     '16.0.0-beta.2',
273 silly addNameRange     '16.0.0-beta.3',
273 silly addNameRange     '16.0.0-beta.4',
273 silly addNameRange     '16.0.0-beta.5',
273 silly addNameRange     '16.0.0-rc.1',
273 silly addNameRange     '16.0.0-rc.2',
273 silly addNameRange     '16.0.0-rc.3',
273 silly addNameRange     '15.6.2',
273 silly addNameRange     '16.0.0',
273 silly addNameRange     '16.1.0-beta',
273 silly addNameRange     '16.1.0-beta.1',
273 silly addNameRange     '16.1.0-rc',
273 silly addNameRange     '16.1.0',
273 silly addNameRange     '16.1.1',
273 silly addNameRange     '16.2.0',
273 silly addNameRange     '16.3.0-alpha.0',
273 silly addNameRange     '16.3.0-alpha.1',
273 silly addNameRange     '16.4.0-alpha.7926752',
273 silly addNameRange     '16.4.0-alpha.3174632',
273 silly addNameRange     '16.4.0-alpha.0911da3',
273 silly addNameRange     '16.3.0-alpha.2',
273 silly addNameRange     '16.3.0-alpha.3',
273 silly addNameRange     '16.3.0-rc.0',
273 silly addNameRange     '16.3.0',
273 silly addNameRange     '16.3.1',
273 silly addNameRange     '16.3.2',
273 silly addNameRange     ... 342 more items ] ]
274 silly addNamed react-dom@17.0.2
275 verbose addNamed "17.0.2" is a plain semver version for react-dom
276 silly cache afterAdd react-scripts@4.0.1
277 verbose afterAdd /home/dave/.npm/react-scripts/4.0.1/package/package.json not in flight; writing
278 verbose get https://registry.npmjs.org/react not expired, no request
279 silly addNameRange number 2 { name: 'react', range: '>=17.0.1 <18.0.0', hasData: true }
280 silly addNameRange versions [ 'react',
280 silly addNameRange   [ '0.0.1',
280 silly addNameRange     '0.0.2',
280 silly addNameRange     '0.0.3',
280 silly addNameRange     '0.1.2',
280 silly addNameRange     '0.2.0',
280 silly addNameRange     '0.2.1',
280 silly addNameRange     '0.2.2',
280 silly addNameRange     '0.2.3',
280 silly addNameRange     '0.2.4',
280 silly addNameRange     '0.2.5',
280 silly addNameRange     '0.2.6',
280 silly addNameRange     '0.3.0',
280 silly addNameRange     '0.3.4',
280 silly addNameRange     '0.3.5',
280 silly addNameRange     '0.5.0',
280 silly addNameRange     '0.5.1',
280 silly addNameRange     '0.5.2',
280 silly addNameRange     '0.6.0',
280 silly addNameRange     '0.6.1',
280 silly addNameRange     '0.6.2',
280 silly addNameRange     '0.6.3',
280 silly addNameRange     '0.7.0',
280 silly addNameRange     '0.7.1',
280 silly addNameRange     '0.8.0',
280 silly addNameRange     '0.9.0-rc1',
280 silly addNameRange     '0.9.0',
280 silly addNameRange     '0.10.0-rc1',
280 silly addNameRange     '0.10.0',
280 silly addNameRange     '0.11.0-rc1',
280 silly addNameRange     '0.11.0',
280 silly addNameRange     '0.11.1',
280 silly addNameRange     '0.11.2',
280 silly addNameRange     '0.12.0-rc1',
280 silly addNameRange     '0.12.0',
280 silly addNameRange     '0.12.1',
280 silly addNameRange     '0.12.2',
280 silly addNameRange     '0.13.0-alpha.1',
280 silly addNameRange     '0.13.0-alpha.2',
280 silly addNameRange     '0.13.0-beta.1',
280 silly addNameRange     '0.13.0-beta.2',
280 silly addNameRange     '0.13.0-rc1',
280 silly addNameRange     '0.13.0-rc2',
280 silly addNameRange     '0.13.0',
280 silly addNameRange     '0.13.1',
280 silly addNameRange     '0.13.2',
280 silly addNameRange     '0.13.3',
280 silly addNameRange     '0.14.0-alpha1',
280 silly addNameRange     '0.14.0-alpha2',
280 silly addNameRange     '0.14.0-alpha3',
280 silly addNameRange     '0.14.0-beta1',
280 silly addNameRange     '0.14.0-beta2',
280 silly addNameRange     '0.14.0-beta3',
280 silly addNameRange     '0.14.0-rc1',
280 silly addNameRange     '0.14.0',
280 silly addNameRange     '0.14.1',
280 silly addNameRange     '0.14.2',
280 silly addNameRange     '0.14.3',
280 silly addNameRange     '0.14.4',
280 silly addNameRange     '0.14.5',
280 silly addNameRange     '0.14.6',
280 silly addNameRange     '0.15.0-alpha.1',
280 silly addNameRange     '0.14.7',
280 silly addNameRange     '15.0.0-rc.1',
280 silly addNameRange     '15.0.0-rc.2',
280 silly addNameRange     '0.14.8',
280 silly addNameRange     '15.0.0',
280 silly addNameRange     '15.0.1',
280 silly addNameRange     '15.0.2-alpha.1',
280 silly addNameRange     '15.0.2-alpha.2',
280 silly addNameRange     '15.0.2-alpha.3',
280 silly addNameRange     '15.0.2-alpha.4',
280 silly addNameRange     '15.0.2',
280 silly addNameRange     '15.0.3-alpha.1',
280 silly addNameRange     '15.0.3-alpha.2',
280 silly addNameRange     '15.1.0-alpha.1',
280 silly addNameRange     '15.1.0',
280 silly addNameRange     '15.2.0-rc.1',
280 silly addNameRange     '15.2.0-rc.2',
280 silly addNameRange     '15.2.0',
280 silly addNameRange     '15.2.1',
280 silly addNameRange     '15.3.0-rc.1',
280 silly addNameRange     '15.3.0-rc.2',
280 silly addNameRange     '15.3.0-rc.3',
280 silly addNameRange     '15.3.0',
280 silly addNameRange     '15.3.1-rc.1',
280 silly addNameRange     '15.3.1-rc.2',
280 silly addNameRange     '15.3.1',
280 silly addNameRange     '15.3.2-rc.1',
280 silly addNameRange     '15.3.2',
280 silly addNameRange     '15.4.0-rc.1',
280 silly addNameRange     '15.4.0-rc.2',
280 silly addNameRange     '15.4.0-rc.3',
280 silly addNameRange     '15.4.0-rc.4',
280 silly addNameRange     '15.4.0',
280 silly addNameRange     '15.4.1',
280 silly addNameRange     '15.4.2',
280 silly addNameRange     '16.0.0-alpha',
280 silly addNameRange     '16.0.0-alpha.0',
280 silly addNameRange     '16.0.0-alpha.2',
280 silly addNameRange     '16.0.0-alpha.3',
280 silly addNameRange     ... 387 more items ] ]
281 silly addNamed react@17.0.2
282 verbose addNamed "17.0.2" is a plain semver version for react
283 verbose get https://registry.npmjs.org/styled-components not expired, no request
284 silly addNameRange number 2 { name: 'styled-components',
284 silly addNameRange   range: '>=5.3.0 <6.0.0',
284 silly addNameRange   hasData: true }
285 silly addNameRange versions [ 'styled-components',
285 silly addNameRange   [ '0.0.1',
285 silly addNameRange     '0.0.2',
285 silly addNameRange     '0.0.3',
285 silly addNameRange     '0.0.4',
285 silly addNameRange     '0.0.5-0',
285 silly addNameRange     '0.0.5-1',
285 silly addNameRange     '0.0.5-2',
285 silly addNameRange     '0.0.5',
285 silly addNameRange     '0.0.6',
285 silly addNameRange     '0.1.0',
285 silly addNameRange     '0.1.1',
285 silly addNameRange     '0.1.2',
285 silly addNameRange     '0.1.3',
285 silly addNameRange     '0.1.4',
285 silly addNameRange     '0.1.5',
285 silly addNameRange     '0.1.6',
285 silly addNameRange     '0.1.7',
285 silly addNameRange     '0.1.8',
285 silly addNameRange     '0.1.9',
285 silly addNameRange     '0.2.0',
285 silly addNameRange     '0.2.1',
285 silly addNameRange     '0.2.2',
285 silly addNameRange     '0.2.3',
285 silly addNameRange     '0.2.4',
285 silly addNameRange     '0.2.5',
285 silly addNameRange     '0.3.0',
285 silly addNameRange     '0.3.1',
285 silly addNameRange     '0.3.2',
285 silly addNameRange     '0.3.3',
285 silly addNameRange     '0.3.4',
285 silly addNameRange     '0.4.0',
285 silly addNameRange     '0.4.1',
285 silly addNameRange     '0.4.2',
285 silly addNameRange     '1.0.0',
285 silly addNameRange     '1.0.2',
285 silly addNameRange     '1.0.3',
285 silly addNameRange     '1.0.4',
285 silly addNameRange     '1.0.5',
285 silly addNameRange     '1.0.6',
285 silly addNameRange     '1.0.7',
285 silly addNameRange     '1.0.8',
285 silly addNameRange     '1.0.9',
285 silly addNameRange     '1.0.10',
285 silly addNameRange     '1.0.11',
285 silly addNameRange     '1.0.12-0',
285 silly addNameRange     '1.1.0',
285 silly addNameRange     '1.1.1',
285 silly addNameRange     '1.1.2-0',
285 silly addNameRange     '1.1.2',
285 silly addNameRange     '1.1.3',
285 silly addNameRange     '1.2.0',
285 silly addNameRange     '1.2.1',
285 silly addNameRange     '1.3.0',
285 silly addNameRange     '1.3.1',
285 silly addNameRange     '2.0.0-0',
285 silly addNameRange     '1.4.0',
285 silly addNameRange     '1.4.1',
285 silly addNameRange     '1.4.2',
285 silly addNameRange     '2.0.0-1',
285 silly addNameRange     '1.4.3',
285 silly addNameRange     '2.0.0-2',
285 silly addNameRange     '2.0.0-3',
285 silly addNameRange     '2.0.0-4',
285 silly addNameRange     '2.0.0-5',
285 silly addNameRange     '1.4.4',
285 silly addNameRange     '2.0.0-6',
285 silly addNameRange     '2.0.0-7',
285 silly addNameRange     '2.0.0-8',
285 silly addNameRange     '2.0.0-9',
285 silly addNameRange     '2.0.0-10',
285 silly addNameRange     '2.0.0-11',
285 silly addNameRange     '2.0.0-12',
285 silly addNameRange     '2.0.0-13',
285 silly addNameRange     '2.0.0-14',
285 silly addNameRange     '2.0.0-15',
285 silly addNameRange     '1.4.5',
285 silly addNameRange     '2.0.0-16',
285 silly addNameRange     '2.0.0-17',
285 silly addNameRange     '1.4.6',
285 silly addNameRange     '2.0.0-18',
285 silly addNameRange     '2.0.0-19',
285 silly addNameRange     '2.0.0',
285 silly addNameRange     '2.0.1',
285 silly addNameRange     '2.1.0',
285 silly addNameRange     '2.1.1-0',
285 silly addNameRange     '2.1.1',
285 silly addNameRange     '2.1.1-1',
285 silly addNameRange     '2.1.2',
285 silly addNameRange     '2.1.3-0',
285 silly addNameRange     '2.2.0',
285 silly addNameRange     '2.2.1',
285 silly addNameRange     '2.2.2',
285 silly addNameRange     '2.2.3',
285 silly addNameRange     '2.2.4',
285 silly addNameRange     '2.3.0',
285 silly addNameRange     '2.3.1',
285 silly addNameRange     '2.3.2',
285 silly addNameRange     '2.3.3-0',
285 silly addNameRange     '2.3.3',
285 silly addNameRange     '2.4.0-0',
285 silly addNameRange     ... 184 more items ] ]
286 silly addNamed styled-components@5.3.0
287 verbose addNamed "5.3.0" is a plain semver version for styled-components
288 silly cache afterAdd @testing-library/jest-dom@5.14.1
289 verbose afterAdd /home/dave/.npm/@testing-library/jest-dom/5.14.1/package/package.json not in flight; writing
290 silly cache afterAdd @testing-library/user-event@12.8.3
291 verbose afterAdd /home/dave/.npm/@testing-library/user-event/12.8.3/package/package.json not in flight; writing
292 verbose get https://registry.npmjs.org/@testing-library%2freact not expired, no request
293 silly addNameRange number 2 { name: '@testing-library/react',
293 silly addNameRange   range: '>=11.2.2 <12.0.0',
293 silly addNameRange   hasData: true }
294 silly addNameRange versions [ '@testing-library/react',
294 silly addNameRange   [ '0.0.0',
294 silly addNameRange     '8.0.0',
294 silly addNameRange     '8.0.1',
294 silly addNameRange     '8.0.2',
294 silly addNameRange     '8.0.3',
294 silly addNameRange     '8.0.4',
294 silly addNameRange     '8.0.5',
294 silly addNameRange     '8.0.6',
294 silly addNameRange     '8.0.7',
294 silly addNameRange     '8.0.8',
294 silly addNameRange     '8.0.9',
294 silly addNameRange     '9.0.0',
294 silly addNameRange     '9.0.1',
294 silly addNameRange     '9.0.2',
294 silly addNameRange     '9.1.0',
294 silly addNameRange     '9.1.1',
294 silly addNameRange     '9.1.2-alpha.0',
294 silly addNameRange     '9.1.2',
294 silly addNameRange     '9.1.3',
294 silly addNameRange     '9.1.4',
294 silly addNameRange     '9.2.0',
294 silly addNameRange     '9.3.0',
294 silly addNameRange     '9.3.1',
294 silly addNameRange     '9.3.2',
294 silly addNameRange     '9.3.3',
294 silly addNameRange     '9.4.0',
294 silly addNameRange     '9.4.1',
294 silly addNameRange     '9.5.0',
294 silly addNameRange     '10.0.0-beta.1',
294 silly addNameRange     '10.0.0-beta.2',
294 silly addNameRange     '10.0.0',
294 silly addNameRange     '10.0.1',
294 silly addNameRange     '10.0.2',
294 silly addNameRange     '10.0.3',
294 silly addNameRange     '10.0.4',
294 silly addNameRange     '10.0.5',
294 silly addNameRange     '10.0.6',
294 silly addNameRange     '10.1.0',
294 silly addNameRange     '10.2.0',
294 silly addNameRange     '10.2.1',
294 silly addNameRange     '10.3.0-alpha.1',
294 silly addNameRange     '10.3.0',
294 silly addNameRange     '10.3.1-alpha.1',
294 silly addNameRange     '10.3.1-alpha.2',
294 silly addNameRange     '10.4.0',
294 silly addNameRange     '10.4.1',
294 silly addNameRange     '10.4.2',
294 silly addNameRange     '10.4.3',
294 silly addNameRange     '10.4.4',
294 silly addNameRange     '10.4.5',
294 silly addNameRange     '10.4.6',
294 silly addNameRange     '10.4.7',
294 silly addNameRange     '10.4.8',
294 silly addNameRange     '10.4.9',
294 silly addNameRange     '11.0.0-beta.1',
294 silly addNameRange     '11.0.0',
294 silly addNameRange     '11.0.1',
294 silly addNameRange     '11.0.2',
294 silly addNameRange     '11.0.3',
294 silly addNameRange     '11.0.4',
294 silly addNameRange     '11.1.0',
294 silly addNameRange     '11.1.1',
294 silly addNameRange     '11.1.2',
294 silly addNameRange     '11.2.0',
294 silly addNameRange     '11.2.1',
294 silly addNameRange     '11.2.2',
294 silly addNameRange     '11.2.3',
294 silly addNameRange     '11.2.4',
294 silly addNameRange     '11.2.5',
294 silly addNameRange     '11.2.6',
294 silly addNameRange     '11.2.7',
294 silly addNameRange     '11.2.8-alpha.1',
294 silly addNameRange     '12.0.0-alpha.1',
294 silly addNameRange     '12.0.0-alpha.2' ] ]
295 silly addNamed @testing-library/react@11.2.7
296 verbose addNamed "11.2.7" is a plain semver version for @testing-library/react
297 silly cache afterAdd web-vitals@0.2.4
298 verbose afterAdd /home/dave/.npm/web-vitals/0.2.4/package/package.json not in flight; writing
299 silly cache afterAdd react-dom@17.0.2
300 verbose afterAdd /home/dave/.npm/react-dom/17.0.2/package/package.json not in flight; writing
301 verbose afterAdd /home/dave/.npm/react-scripts/4.0.1/package/package.json written
302 silly cache afterAdd styled-components@5.3.0
303 verbose afterAdd /home/dave/.npm/styled-components/5.3.0/package/package.json not in flight; writing
304 silly cache afterAdd react@17.0.2
305 verbose afterAdd /home/dave/.npm/react/17.0.2/package/package.json not in flight; writing
306 verbose afterAdd /home/dave/.npm/@testing-library/user-event/12.8.3/package/package.json written
307 silly cache afterAdd @testing-library/react@11.2.7
308 verbose afterAdd /home/dave/.npm/@testing-library/react/11.2.7/package/package.json not in flight; writing
309 verbose afterAdd /home/dave/.npm/@testing-library/jest-dom/5.14.1/package/package.json written
310 verbose afterAdd /home/dave/.npm/web-vitals/0.2.4/package/package.json written
311 verbose afterAdd /home/dave/.npm/react-dom/17.0.2/package/package.json written
312 verbose afterAdd /home/dave/.npm/styled-components/5.3.0/package/package.json written
313 verbose afterAdd /home/dave/.npm/react/17.0.2/package/package.json written
314 verbose afterAdd /home/dave/.npm/@testing-library/react/11.2.7/package/package.json written
315 silly fetchNamedPackageData @babel/runtime
316 silly mapToRegistry name @babel/runtime
317 silly mapToRegistry scope (from package name) @babel
318 verbose mapToRegistry no registry URL found in name for scope @babel
319 silly mapToRegistry using default registry
320 silly mapToRegistry registry https://registry.npmjs.org/
321 silly mapToRegistry uri https://registry.npmjs.org/@babel%2fruntime
322 silly fetchNamedPackageData @types/testing-library__jest-dom
323 silly mapToRegistry name @types/testing-library__jest-dom
324 silly mapToRegistry scope (from package name) @types
325 verbose mapToRegistry no registry URL found in name for scope @types
326 silly mapToRegistry using default registry
327 silly mapToRegistry registry https://registry.npmjs.org/
328 silly mapToRegistry uri https://registry.npmjs.org/@types%2ftesting-library__jest-dom
329 silly fetchNamedPackageData aria-query
330 silly mapToRegistry name aria-query
331 silly mapToRegistry using default registry
332 silly mapToRegistry registry https://registry.npmjs.org/
333 silly mapToRegistry uri https://registry.npmjs.org/aria-query
334 silly fetchNamedPackageData chalk
335 silly mapToRegistry name chalk
336 silly mapToRegistry using default registry
337 silly mapToRegistry registry https://registry.npmjs.org/
338 silly mapToRegistry uri https://registry.npmjs.org/chalk
339 silly fetchNamedPackageData css
340 silly mapToRegistry name css
341 silly mapToRegistry using default registry
342 silly mapToRegistry registry https://registry.npmjs.org/
343 silly mapToRegistry uri https://registry.npmjs.org/css
344 silly fetchNamedPackageData css.escape
345 silly mapToRegistry name css.escape
346 silly mapToRegistry using default registry
347 silly mapToRegistry registry https://registry.npmjs.org/
348 silly mapToRegistry uri https://registry.npmjs.org/css.escape
349 silly fetchNamedPackageData dom-accessibility-api
350 silly mapToRegistry name dom-accessibility-api
351 silly mapToRegistry using default registry
352 silly mapToRegistry registry https://registry.npmjs.org/
353 silly mapToRegistry uri https://registry.npmjs.org/dom-accessibility-api
354 silly fetchNamedPackageData lodash
355 silly mapToRegistry name lodash
356 silly mapToRegistry using default registry
357 silly mapToRegistry registry https://registry.npmjs.org/
358 silly mapToRegistry uri https://registry.npmjs.org/lodash
359 silly fetchNamedPackageData redent
360 silly mapToRegistry name redent
361 silly mapToRegistry using default registry
362 silly mapToRegistry registry https://registry.npmjs.org/
363 silly mapToRegistry uri https://registry.npmjs.org/redent
364 verbose request uri https://registry.npmjs.org/@types%2ftesting-library__jest-dom
365 verbose request no auth needed
366 info attempt registry request try #1 at 6:43:07 PM
367 verbose etag W/"1dbb0d44bf3639c2903ac319ef4fbd3c"
368 verbose lastModified Fri, 11 Jun 2021 22:02:29 GMT
369 http request GET https://registry.npmjs.org/@types%2ftesting-library__jest-dom
370 verbose request uri https://registry.npmjs.org/aria-query
371 verbose request no auth needed
372 info attempt registry request try #1 at 6:43:07 PM
373 verbose etag W/"1dedfe42040f427b3a3282e264768d95"
374 verbose lastModified Fri, 19 Jun 2020 19:33:58 GMT
375 http request GET https://registry.npmjs.org/aria-query
376 verbose request uri https://registry.npmjs.org/chalk
377 verbose request no auth needed
378 info attempt registry request try #1 at 6:43:07 PM
379 verbose etag W/"540465cb61ba8c9ba68fdcc3f2393aef"
380 verbose lastModified Mon, 31 May 2021 18:54:53 GMT
381 http request GET https://registry.npmjs.org/chalk
382 verbose request uri https://registry.npmjs.org/css
383 verbose request no auth needed
384 info attempt registry request try #1 at 6:43:07 PM
385 verbose etag W/"49a6dc89eac229ff1f95fee8109864d8"
386 verbose lastModified Thu, 22 Oct 2020 19:29:06 GMT
387 http request GET https://registry.npmjs.org/css
388 verbose request uri https://registry.npmjs.org/dom-accessibility-api
389 verbose request no auth needed
390 info attempt registry request try #1 at 6:43:07 PM
391 verbose etag W/"b1884fd4719989223b90af282905fe88"
392 verbose lastModified Thu, 03 Jun 2021 09:17:47 GMT
393 http request GET https://registry.npmjs.org/dom-accessibility-api
394 verbose request uri https://registry.npmjs.org/css.escape
395 verbose request no auth needed
396 info attempt registry request try #1 at 6:43:07 PM
397 verbose etag W/"6644b24a4762e1e168ad459bdf4f5679"
398 verbose lastModified Sat, 26 May 2018 21:27:43 GMT
399 http request GET https://registry.npmjs.org/css.escape
400 verbose request uri https://registry.npmjs.org/redent
401 verbose request no auth needed
402 info attempt registry request try #1 at 6:43:07 PM
403 verbose etag W/"a275c7db9edbd13b3b03db759eaa97d2"
404 verbose lastModified Mon, 03 May 2021 19:21:07 GMT
405 http request GET https://registry.npmjs.org/redent
406 verbose request uri https://registry.npmjs.org/@babel%2fruntime
407 verbose request no auth needed
408 info attempt registry request try #1 at 6:43:07 PM
409 verbose etag W/"f451a2b0e0f8ea6366ea25f0297491ec"
410 verbose lastModified Mon, 14 Jun 2021 21:57:04 GMT
411 http request GET https://registry.npmjs.org/@babel%2fruntime
412 verbose request uri https://registry.npmjs.org/lodash
413 verbose request no auth needed
414 info attempt registry request try #1 at 6:43:07 PM
415 verbose etag W/"2a7211c8e0e3a1ef5c877cd340f3ae70"
416 verbose lastModified Mon, 10 May 2021 02:21:21 GMT
417 http request GET https://registry.npmjs.org/lodash
418 http 304 https://registry.npmjs.org/chalk
419 verbose headers { date: 'Wed, 16 Jun 2021 16:43:07 GMT',
419 verbose headers   connection: 'keep-alive',
419 verbose headers   'cf-ray': '66057ec9ab971c12-OSL',
419 verbose headers   age: '1459',
419 verbose headers   'cache-control': 'public, max-age=300',
419 verbose headers   etag: '"540465cb61ba8c9ba68fdcc3f2393aef"',
419 verbose headers   'last-modified': 'Mon, 31 May 2021 18:54:53 GMT',
419 verbose headers   vary: 'Accept-Encoding',
419 verbose headers   'cf-cache-status': 'HIT',
419 verbose headers   'cf-request-id': '0ab74d920b00001c12693c1000000001',
419 verbose headers   'expect-ct': 'max-age=604800, report-uri="https://report-uri.cloudflare.com/cdn-cgi/beacon/expect-ct"',
419 verbose headers   server: 'cloudflare' }
420 silly get cb [ 304,
420 silly get   { date: 'Wed, 16 Jun 2021 16:43:07 GMT',
420 silly get     connection: 'keep-alive',
420 silly get     'cf-ray': '66057ec9ab971c12-OSL',
420 silly get     age: '1459',
420 silly get     'cache-control': 'public, max-age=300',
420 silly get     etag: '"540465cb61ba8c9ba68fdcc3f2393aef"',
420 silly get     'last-modified': 'Mon, 31 May 2021 18:54:53 GMT',
420 silly get     vary: 'Accept-Encoding',
420 silly get     'cf-cache-status': 'HIT',
420 silly get     'cf-request-id': '0ab74d920b00001c12693c1000000001',
420 silly get     'expect-ct': 'max-age=604800, report-uri="https://report-uri.cloudflare.com/cdn-cgi/beacon/expect-ct"',
420 silly get     server: 'cloudflare' } ]
421 verbose etag https://registry.npmjs.org/chalk from cache
422 verbose get saving chalk to /home/dave/.npm/registry.npmjs.org/chalk/.cache.json
423 http 304 https://registry.npmjs.org/css
424 verbose headers { date: 'Wed, 16 Jun 2021 16:43:07 GMT',
424 verbose headers   connection: 'keep-alive',
424 verbose headers   'cf-ray': '66057ec9af121c16-OSL',
424 verbose headers   age: '6653',
424 verbose headers   'cache-control': 'public, max-age=300',
424 verbose headers   etag: '"49a6dc89eac229ff1f95fee8109864d8"',
424 verbose headers   'last-modified': 'Thu, 22 Oct 2020 19:29:06 GMT',
424 verbose headers   vary: 'Accept-Encoding',
424 verbose headers   'cf-cache-status': 'HIT',
424 verbose headers   'cf-request-id': '0ab74d920d00001c16e5987000000001',
424 verbose headers   'expect-ct': 'max-age=604800, report-uri="https://report-uri.cloudflare.com/cdn-cgi/beacon/expect-ct"',
424 verbose headers   server: 'cloudflare' }
425 silly get cb [ 304,
425 silly get   { date: 'Wed, 16 Jun 2021 16:43:07 GMT',
425 silly get     connection: 'keep-alive',
425 silly get     'cf-ray': '66057ec9af121c16-OSL',
425 silly get     age: '6653',
425 silly get     'cache-control': 'public, max-age=300',
425 silly get     etag: '"49a6dc89eac229ff1f95fee8109864d8"',
425 silly get     'last-modified': 'Thu, 22 Oct 2020 19:29:06 GMT',
425 silly get     vary: 'Accept-Encoding',
425 silly get     'cf-cache-status': 'HIT',
425 silly get     'cf-request-id': '0ab74d920d00001c16e5987000000001',
425 silly get     'expect-ct': 'max-age=604800, report-uri="https://report-uri.cloudflare.com/cdn-cgi/beacon/expect-ct"',
425 silly get     server: 'cloudflare' } ]
426 verbose etag https://registry.npmjs.org/css from cache
427 verbose get saving css to /home/dave/.npm/registry.npmjs.org/css/.cache.json
428 http 304 https://registry.npmjs.org/aria-query
429 verbose headers { date: 'Wed, 16 Jun 2021 16:43:07 GMT',
429 verbose headers   connection: 'keep-alive',
429 verbose headers   'cf-ray': '66057ec9a977fabc-OSL',
429 verbose headers   age: '54',
429 verbose headers   'cache-control': 'public, max-age=300',
429 verbose headers   etag: '"1dedfe42040f427b3a3282e264768d95"',
429 verbose headers   'last-modified': 'Fri, 19 Jun 2020 19:33:58 GMT',
429 verbose headers   vary: 'Accept-Encoding',
429 verbose headers   'cf-cache-status': 'HIT',
429 verbose headers   'cf-request-id': '0ab74d920b0000fabcf736e000000001',
429 verbose headers   'expect-ct': 'max-age=604800, report-uri="https://report-uri.cloudflare.com/cdn-cgi/beacon/expect-ct"',
429 verbose headers   server: 'cloudflare' }
430 silly get cb [ 304,
430 silly get   { date: 'Wed, 16 Jun 2021 16:43:07 GMT',
430 silly get     connection: 'keep-alive',
430 silly get     'cf-ray': '66057ec9a977fabc-OSL',
430 silly get     age: '54',
430 silly get     'cache-control': 'public, max-age=300',
430 silly get     etag: '"1dedfe42040f427b3a3282e264768d95"',
430 silly get     'last-modified': 'Fri, 19 Jun 2020 19:33:58 GMT',
430 silly get     vary: 'Accept-Encoding',
430 silly get     'cf-cache-status': 'HIT',
430 silly get     'cf-request-id': '0ab74d920b0000fabcf736e000000001',
430 silly get     'expect-ct': 'max-age=604800, report-uri="https://report-uri.cloudflare.com/cdn-cgi/beacon/expect-ct"',
430 silly get     server: 'cloudflare' } ]
431 verbose etag https://registry.npmjs.org/aria-query from cache
432 verbose get saving aria-query to /home/dave/.npm/registry.npmjs.org/aria-query/.cache.json
433 http 304 https://registry.npmjs.org/@types%2ftesting-library__jest-dom
434 verbose headers { date: 'Wed, 16 Jun 2021 16:43:07 GMT',
434 verbose headers   connection: 'keep-alive',
434 verbose headers   'cf-ray': '66057ec9ad20fac4-OSL',
434 verbose headers   age: '2010',
434 verbose headers   'cache-control': 'public, max-age=300',
434 verbose headers   etag: '"1dbb0d44bf3639c2903ac319ef4fbd3c"',
434 verbose headers   'last-modified': 'Fri, 11 Jun 2021 22:02:29 GMT',
434 verbose headers   vary: 'Accept-Encoding',
434 verbose headers   'cf-cache-status': 'HIT',
434 verbose headers   'cf-request-id': '0ab74d920b0000fac4f1a90000000001',
434 verbose headers   'expect-ct': 'max-age=604800, report-uri="https://report-uri.cloudflare.com/cdn-cgi/beacon/expect-ct"',
434 verbose headers   server: 'cloudflare' }
435 silly get cb [ 304,
435 silly get   { date: 'Wed, 16 Jun 2021 16:43:07 GMT',
435 silly get     connection: 'keep-alive',
435 silly get     'cf-ray': '66057ec9ad20fac4-OSL',
435 silly get     age: '2010',
435 silly get     'cache-control': 'public, max-age=300',
435 silly get     etag: '"1dbb0d44bf3639c2903ac319ef4fbd3c"',
435 silly get     'last-modified': 'Fri, 11 Jun 2021 22:02:29 GMT',
435 silly get     vary: 'Accept-Encoding',
435 silly get     'cf-cache-status': 'HIT',
435 silly get     'cf-request-id': '0ab74d920b0000fac4f1a90000000001',
435 silly get     'expect-ct': 'max-age=604800, report-uri="https://report-uri.cloudflare.com/cdn-cgi/beacon/expect-ct"',
435 silly get     server: 'cloudflare' } ]
436 verbose etag https://registry.npmjs.org/@types%2ftesting-library__jest-dom from cache
437 verbose get saving @types/testing-library__jest-dom to /home/dave/.npm/registry.npmjs.org/_40types_252ftesting-library__jest-dom/.cache.json
438 http 304 https://registry.npmjs.org/dom-accessibility-api
439 verbose headers { date: 'Wed, 16 Jun 2021 16:43:07 GMT',
439 verbose headers   connection: 'keep-alive',
439 verbose headers   'cf-ray': '66057ec9ae140b55-OSL',
439 verbose headers   age: '54',
439 verbose headers   'cache-control': 'public, max-age=300',
439 verbose headers   etag: '"b1884fd4719989223b90af282905fe88"',
439 verbose headers   'last-modified': 'Thu, 03 Jun 2021 09:17:47 GMT',
439 verbose headers   vary: 'Accept-Encoding',
439 verbose headers   'cf-cache-status': 'HIT',
439 verbose headers   'cf-request-id': '0ab74d920d00000b55ba111000000001',
439 verbose headers   'expect-ct': 'max-age=604800, report-uri="https://report-uri.cloudflare.com/cdn-cgi/beacon/expect-ct"',
439 verbose headers   server: 'cloudflare' }
440 silly get cb [ 304,
440 silly get   { date: 'Wed, 16 Jun 2021 16:43:07 GMT',
440 silly get     connection: 'keep-alive',
440 silly get     'cf-ray': '66057ec9ae140b55-OSL',
440 silly get     age: '54',
440 silly get     'cache-control': 'public, max-age=300',
440 silly get     etag: '"b1884fd4719989223b90af282905fe88"',
440 silly get     'last-modified': 'Thu, 03 Jun 2021 09:17:47 GMT',
440 silly get     vary: 'Accept-Encoding',
440 silly get     'cf-cache-status': 'HIT',
440 silly get     'cf-request-id': '0ab74d920d00000b55ba111000000001',
440 silly get     'expect-ct': 'max-age=604800, report-uri="https://report-uri.cloudflare.com/cdn-cgi/beacon/expect-ct"',
440 silly get     server: 'cloudflare' } ]
441 verbose etag https://registry.npmjs.org/dom-accessibility-api from cache
442 verbose get saving dom-accessibility-api to /home/dave/.npm/registry.npmjs.org/dom-accessibility-api/.cache.json
443 http 304 https://registry.npmjs.org/redent
444 verbose headers { date: 'Wed, 16 Jun 2021 16:43:07 GMT',
444 verbose headers   connection: 'keep-alive',
444 verbose headers   'cf-ray': '66057ec9cfbb0b59-OSL',
444 verbose headers   age: '929',
444 verbose headers   'cache-control': 'public, max-age=300',
444 verbose headers   etag: '"a275c7db9edbd13b3b03db759eaa97d2"',
444 verbose headers   'last-modified': 'Mon, 03 May 2021 19:21:07 GMT',
444 verbose headers   vary: 'Accept-Encoding',
444 verbose headers   'cf-cache-status': 'HIT',
444 verbose headers   'cf-request-id': '0ab74d921900000b59d2252000000001',
444 verbose headers   'expect-ct': 'max-age=604800, report-uri="https://report-uri.cloudflare.com/cdn-cgi/beacon/expect-ct"',
444 verbose headers   server: 'cloudflare' }
445 silly get cb [ 304,
445 silly get   { date: 'Wed, 16 Jun 2021 16:43:07 GMT',
445 silly get     connection: 'keep-alive',
445 silly get     'cf-ray': '66057ec9cfbb0b59-OSL',
445 silly get     age: '929',
445 silly get     'cache-control': 'public, max-age=300',
445 silly get     etag: '"a275c7db9edbd13b3b03db759eaa97d2"',
445 silly get     'last-modified': 'Mon, 03 May 2021 19:21:07 GMT',
445 silly get     vary: 'Accept-Encoding',
445 silly get     'cf-cache-status': 'HIT',
445 silly get     'cf-request-id': '0ab74d921900000b59d2252000000001',
445 silly get     'expect-ct': 'max-age=604800, report-uri="https://report-uri.cloudflare.com/cdn-cgi/beacon/expect-ct"',
445 silly get     server: 'cloudflare' } ]
446 verbose etag https://registry.npmjs.org/redent from cache
447 verbose get saving redent to /home/dave/.npm/registry.npmjs.org/redent/.cache.json
448 http 304 https://registry.npmjs.org/@babel%2fruntime
449 verbose headers { date: 'Wed, 16 Jun 2021 16:43:07 GMT',
449 verbose headers   connection: 'keep-alive',
449 verbose headers   'cf-ray': '66057ec9cc7ffac0-OSL',
449 verbose headers   age: '493',
449 verbose headers   'cache-control': 'public, max-age=300',
449 verbose headers   etag: '"f451a2b0e0f8ea6366ea25f0297491ec"',
449 verbose headers   'last-modified': 'Mon, 14 Jun 2021 21:57:04 GMT',
449 verbose headers   vary: 'Accept-Encoding',
449 verbose headers   'cf-cache-status': 'HIT',
449 verbose headers   'cf-request-id': '0ab74d92190000fac0b2330000000001',
449 verbose headers   'expect-ct': 'max-age=604800, report-uri="https://report-uri.cloudflare.com/cdn-cgi/beacon/expect-ct"',
449 verbose headers   server: 'cloudflare' }
450 silly get cb [ 304,
450 silly get   { date: 'Wed, 16 Jun 2021 16:43:07 GMT',
450 silly get     connection: 'keep-alive',
450 silly get     'cf-ray': '66057ec9cc7ffac0-OSL',
450 silly get     age: '493',
450 silly get     'cache-control': 'public, max-age=300',
450 silly get     etag: '"f451a2b0e0f8ea6366ea25f0297491ec"',
450 silly get     'last-modified': 'Mon, 14 Jun 2021 21:57:04 GMT',
450 silly get     vary: 'Accept-Encoding',
450 silly get     'cf-cache-status': 'HIT',
450 silly get     'cf-request-id': '0ab74d92190000fac0b2330000000001',
450 silly get     'expect-ct': 'max-age=604800, report-uri="https://report-uri.cloudflare.com/cdn-cgi/beacon/expect-ct"',
450 silly get     server: 'cloudflare' } ]
451 verbose etag https://registry.npmjs.org/@babel%2fruntime from cache
452 verbose get saving @babel/runtime to /home/dave/.npm/registry.npmjs.org/_40babel_252fruntime/.cache.json
453 http 304 https://registry.npmjs.org/css.escape
454 verbose headers { date: 'Wed, 16 Jun 2021 16:43:07 GMT',
454 verbose headers   connection: 'keep-alive',
454 verbose headers   'cf-ray': '66057ec9ce8cfab8-OSL',
454 verbose headers   age: '54',
454 verbose headers   'cache-control': 'public, max-age=300',
454 verbose headers   etag: '"6644b24a4762e1e168ad459bdf4f5679"',
454 verbose headers   'last-modified': 'Sat, 26 May 2018 21:27:43 GMT',
454 verbose headers   vary: 'Accept-Encoding',
454 verbose headers   'cf-cache-status': 'HIT',
454 verbose headers   'cf-request-id': '0ab74d921a0000fab88d95b000000001',
454 verbose headers   'expect-ct': 'max-age=604800, report-uri="https://report-uri.cloudflare.com/cdn-cgi/beacon/expect-ct"',
454 verbose headers   server: 'cloudflare' }
455 silly get cb [ 304,
455 silly get   { date: 'Wed, 16 Jun 2021 16:43:07 GMT',
455 silly get     connection: 'keep-alive',
455 silly get     'cf-ray': '66057ec9ce8cfab8-OSL',
455 silly get     age: '54',
455 silly get     'cache-control': 'public, max-age=300',
455 silly get     etag: '"6644b24a4762e1e168ad459bdf4f5679"',
455 silly get     'last-modified': 'Sat, 26 May 2018 21:27:43 GMT',
455 silly get     vary: 'Accept-Encoding',
455 silly get     'cf-cache-status': 'HIT',
455 silly get     'cf-request-id': '0ab74d921a0000fab88d95b000000001',
455 silly get     'expect-ct': 'max-age=604800, report-uri="https://report-uri.cloudflare.com/cdn-cgi/beacon/expect-ct"',
455 silly get     server: 'cloudflare' } ]
456 verbose etag https://registry.npmjs.org/css.escape from cache
457 verbose get saving css.escape to /home/dave/.npm/registry.npmjs.org/css.escape/.cache.json
458 silly resolveWithNewModule chalk@3.0.0 checking installable status
459 silly cache add args [ 'chalk@^3.0.0', null ]
460 verbose cache add spec chalk@^3.0.0
461 silly cache add parsed spec Result {
461 silly cache add   raw: 'chalk@^3.0.0',
461 silly cache add   scope: null,
461 silly cache add   name: 'chalk',
461 silly cache add   rawSpec: '^3.0.0',
461 silly cache add   spec: '>=3.0.0 <4.0.0',
461 silly cache add   type: 'range' }
462 silly addNamed chalk@>=3.0.0 <4.0.0
463 verbose addNamed ">=3.0.0 <4.0.0" is a valid semver range for chalk
464 silly addNameRange { name: 'chalk', range: '>=3.0.0 <4.0.0', hasData: false }
465 silly mapToRegistry name chalk
466 silly mapToRegistry using default registry
467 silly mapToRegistry registry https://registry.npmjs.org/
468 silly mapToRegistry uri https://registry.npmjs.org/chalk
469 verbose addNameRange registry:https://registry.npmjs.org/chalk not in flight; fetching
470 silly resolveWithNewModule css@3.0.0 checking installable status
471 silly cache add args [ 'css@^3.0.0', null ]
472 verbose cache add spec css@^3.0.0
473 silly cache add parsed spec Result {
473 silly cache add   raw: 'css@^3.0.0',
473 silly cache add   scope: null,
473 silly cache add   name: 'css',
473 silly cache add   rawSpec: '^3.0.0',
473 silly cache add   spec: '>=3.0.0 <4.0.0',
473 silly cache add   type: 'range' }
474 silly addNamed css@>=3.0.0 <4.0.0
475 verbose addNamed ">=3.0.0 <4.0.0" is a valid semver range for css
476 silly addNameRange { name: 'css', range: '>=3.0.0 <4.0.0', hasData: false }
477 silly mapToRegistry name css
478 silly mapToRegistry using default registry
479 silly mapToRegistry registry https://registry.npmjs.org/
480 silly mapToRegistry uri https://registry.npmjs.org/css
481 verbose addNameRange registry:https://registry.npmjs.org/css not in flight; fetching
482 silly resolveWithNewModule aria-query@4.2.2 checking installable status
483 silly cache add args [ 'aria-query@^4.2.2', null ]
484 verbose cache add spec aria-query@^4.2.2
485 silly cache add parsed spec Result {
485 silly cache add   raw: 'aria-query@^4.2.2',
485 silly cache add   scope: null,
485 silly cache add   name: 'aria-query',
485 silly cache add   rawSpec: '^4.2.2',
485 silly cache add   spec: '>=4.2.2 <5.0.0',
485 silly cache add   type: 'range' }
486 silly addNamed aria-query@>=4.2.2 <5.0.0
487 verbose addNamed ">=4.2.2 <5.0.0" is a valid semver range for aria-query
488 silly addNameRange { name: 'aria-query', range: '>=4.2.2 <5.0.0', hasData: false }
489 silly mapToRegistry name aria-query
490 silly mapToRegistry using default registry
491 silly mapToRegistry registry https://registry.npmjs.org/
492 silly mapToRegistry uri https://registry.npmjs.org/aria-query
493 verbose addNameRange registry:https://registry.npmjs.org/aria-query not in flight; fetching
494 http 304 https://registry.npmjs.org/lodash
495 verbose headers { date: 'Wed, 16 Jun 2021 16:43:07 GMT',
495 verbose headers   connection: 'keep-alive',
495 verbose headers   'cf-ray': '66057eca38c70b69-OSL',
495 verbose headers   age: '1810',
495 verbose headers   'cache-control': 'public, max-age=300',
495 verbose headers   etag: '"2a7211c8e0e3a1ef5c877cd340f3ae70"',
495 verbose headers   'last-modified': 'Mon, 10 May 2021 02:21:21 GMT',
495 verbose headers   vary: 'Accept-Encoding',
495 verbose headers   'cf-cache-status': 'HIT',
495 verbose headers   'cf-request-id': '0ab74d926600000b6916a74000000001',
495 verbose headers   'expect-ct': 'max-age=604800, report-uri="https://report-uri.cloudflare.com/cdn-cgi/beacon/expect-ct"',
495 verbose headers   server: 'cloudflare' }
496 silly get cb [ 304,
496 silly get   { date: 'Wed, 16 Jun 2021 16:43:07 GMT',
496 silly get     connection: 'keep-alive',
496 silly get     'cf-ray': '66057eca38c70b69-OSL',
496 silly get     age: '1810',
496 silly get     'cache-control': 'public, max-age=300',
496 silly get     etag: '"2a7211c8e0e3a1ef5c877cd340f3ae70"',
496 silly get     'last-modified': 'Mon, 10 May 2021 02:21:21 GMT',
496 silly get     vary: 'Accept-Encoding',
496 silly get     'cf-cache-status': 'HIT',
496 silly get     'cf-request-id': '0ab74d926600000b6916a74000000001',
496 silly get     'expect-ct': 'max-age=604800, report-uri="https://report-uri.cloudflare.com/cdn-cgi/beacon/expect-ct"',
496 silly get     server: 'cloudflare' } ]
497 verbose etag https://registry.npmjs.org/lodash from cache
498 verbose get saving lodash to /home/dave/.npm/registry.npmjs.org/lodash/.cache.json
499 verbose get https://registry.npmjs.org/chalk not expired, no request
500 silly addNameRange number 2 { name: 'chalk', range: '>=3.0.0 <4.0.0', hasData: true }
501 silly addNameRange versions [ 'chalk',
501 silly addNameRange   [ '0.1.0',
501 silly addNameRange     '0.1.1',
501 silly addNameRange     '0.2.0',
501 silly addNameRange     '0.2.1',
501 silly addNameRange     '0.3.0',
501 silly addNameRange     '0.4.0',
501 silly addNameRange     '0.5.0',
501 silly addNameRange     '0.5.1',
501 silly addNameRange     '1.0.0',
501 silly addNameRange     '1.1.0',
501 silly addNameRange     '1.1.1',
501 silly addNameRange     '1.1.2',
501 silly addNameRange     '1.1.3',
501 silly addNameRange     '2.0.0',
501 silly addNameRange     '2.0.1',
501 silly addNameRange     '2.1.0',
501 silly addNameRange     '2.2.0',
501 silly addNameRange     '2.2.2',
501 silly addNameRange     '2.3.0',
501 silly addNameRange     '2.3.1',
501 silly addNameRange     '2.3.2',
501 silly addNameRange     '2.4.0',
501 silly addNameRange     '2.4.1',
501 silly addNameRange     '2.4.2',
501 silly addNameRange     '3.0.0-beta.1',
501 silly addNameRange     '3.0.0-beta.2',
501 silly addNameRange     '3.0.0',
501 silly addNameRange     '4.0.0',
501 silly addNameRange     '4.1.0',
501 silly addNameRange     '4.1.1' ] ]
502 silly addNamed chalk@3.0.0
503 verbose addNamed "3.0.0" is a plain semver version for chalk
504 verbose get https://registry.npmjs.org/css not expired, no request
505 silly addNameRange number 2 { name: 'css', range: '>=3.0.0 <4.0.0', hasData: true }
506 silly addNameRange versions [ 'css',
506 silly addNameRange   [ '1.0.0',
506 silly addNameRange     '1.0.1',
506 silly addNameRange     '1.0.2',
506 silly addNameRange     '1.0.3',
506 silly addNameRange     '1.0.4',
506 silly addNameRange     '1.0.5',
506 silly addNameRange     '1.0.6',
506 silly addNameRange     '1.0.7',
506 silly addNameRange     '1.0.8',
506 silly addNameRange     '1.1.0',
506 silly addNameRange     '1.2.0',
506 silly addNameRange     '1.3.0',
506 silly addNameRange     '1.3.1',
506 silly addNameRange     '1.4.0',
506 silly addNameRange     '1.4.1',
506 silly addNameRange     '1.4.2',
506 silly addNameRange     '1.4.3',
506 silly addNameRange     '1.4.4',
506 silly addNameRange     '1.6.0',
506 silly addNameRange     '2.0.0',
506 silly addNameRange     '2.1.0',
506 silly addNameRange     '2.2.0',
506 silly addNameRange     '2.2.1',
506 silly addNameRange     '2.2.2',
506 silly addNameRange     '2.2.3',
506 silly addNameRange     '2.2.4',
506 silly addNameRange     '3.0.0' ] ]
507 silly addNamed css@3.0.0
508 verbose addNamed "3.0.0" is a plain semver version for css
509 verbose get https://registry.npmjs.org/aria-query not expired, no request
510 silly addNameRange number 2 { name: 'aria-query', range: '>=4.2.2 <5.0.0', hasData: true }
511 silly addNameRange versions [ 'aria-query',
511 silly addNameRange   [ '0.1.0',
511 silly addNameRange     '0.2.0',
511 silly addNameRange     '0.3.0',
511 silly addNameRange     '0.4.0',
511 silly addNameRange     '0.5.0',
511 silly addNameRange     '0.6.0',
511 silly addNameRange     '0.7.0',
511 silly addNameRange     '0.7.1',
511 silly addNameRange     '1.0.1',
511 silly addNameRange     '2.0.0',
511 silly addNameRange     '2.0.1',
511 silly addNameRange     '3.0.0',
511 silly addNameRange     '4.0.0',
511 silly addNameRange     '4.0.1',
511 silly addNameRange     '4.0.2',
511 silly addNameRange     '4.2.0',
511 silly addNameRange     '4.2.1',
511 silly addNameRange     '4.2.2' ] ]
512 silly addNamed aria-query@4.2.2
513 verbose addNamed "4.2.2" is a plain semver version for aria-query
514 silly resolveWithNewModule @types/testing-library__jest-dom@5.14.0 checking installable status
515 silly cache add args [ '@types/testing-library__jest-dom@^5.9.1', null ]
516 verbose cache add spec @types/testing-library__jest-dom@^5.9.1
517 silly cache add parsed spec Result {
517 silly cache add   raw: '@types/testing-library__jest-dom@^5.9.1',
517 silly cache add   scope: '@types',
517 silly cache add   name: '@types/testing-library__jest-dom',
517 silly cache add   rawSpec: '^5.9.1',
517 silly cache add   spec: '>=5.9.1 <6.0.0',
517 silly cache add   type: 'range' }
518 silly addNamed @types/testing-library__jest-dom@>=5.9.1 <6.0.0
519 verbose addNamed ">=5.9.1 <6.0.0" is a valid semver range for @types/testing-library__jest-dom
520 silly addNameRange { name: '@types/testing-library__jest-dom',
520 silly addNameRange   range: '>=5.9.1 <6.0.0',
520 silly addNameRange   hasData: false }
521 silly mapToRegistry name @types/testing-library__jest-dom
522 silly mapToRegistry scope (from package name) @types
523 verbose mapToRegistry no registry URL found in name for scope @types
524 silly mapToRegistry using default registry
525 silly mapToRegistry registry https://registry.npmjs.org/
526 silly mapToRegistry uri https://registry.npmjs.org/@types%2ftesting-library__jest-dom
527 verbose addNameRange registry:https://registry.npmjs.org/@types%2ftesting-library__jest-dom not in flight; fetching
528 silly resolveWithNewModule redent@3.0.0 checking installable status
529 silly cache add args [ 'redent@^3.0.0', null ]
530 verbose cache add spec redent@^3.0.0
531 silly cache add parsed spec Result {
531 silly cache add   raw: 'redent@^3.0.0',
531 silly cache add   scope: null,
531 silly cache add   name: 'redent',
531 silly cache add   rawSpec: '^3.0.0',
531 silly cache add   spec: '>=3.0.0 <4.0.0',
531 silly cache add   type: 'range' }
532 silly addNamed redent@>=3.0.0 <4.0.0
533 verbose addNamed ">=3.0.0 <4.0.0" is a valid semver range for redent
534 silly addNameRange { name: 'redent', range: '>=3.0.0 <4.0.0', hasData: false }
535 silly mapToRegistry name redent
536 silly mapToRegistry using default registry
537 silly mapToRegistry registry https://registry.npmjs.org/
538 silly mapToRegistry uri https://registry.npmjs.org/redent
539 verbose addNameRange registry:https://registry.npmjs.org/redent not in flight; fetching
540 verbose get https://registry.npmjs.org/@types%2ftesting-library__jest-dom not expired, no request
541 silly addNameRange number 2 { name: '@types/testing-library__jest-dom',
541 silly addNameRange   range: '>=5.9.1 <6.0.0',
541 silly addNameRange   hasData: true }
542 silly addNameRange versions [ '@types/testing-library__jest-dom',
542 silly addNameRange   [ '5.0.0',
542 silly addNameRange     '5.0.1',
542 silly addNameRange     '5.0.2',
542 silly addNameRange     '5.0.3',
542 silly addNameRange     '5.0.4',
542 silly addNameRange     '5.6.0',
542 silly addNameRange     '5.7.0',
542 silly addNameRange     '5.9.0',
542 silly addNameRange     '5.9.1',
542 silly addNameRange     '5.9.2',
542 silly addNameRange     '5.9.3',
542 silly addNameRange     '5.9.4',
542 silly addNameRange     '5.9.5',
542 silly addNameRange     '5.13.0',
542 silly addNameRange     '5.14.0' ] ]
543 silly addNamed @types/testing-library__jest-dom@5.14.0
544 verbose addNamed "5.14.0" is a plain semver version for @types/testing-library__jest-dom
545 verbose get https://registry.npmjs.org/redent not expired, no request
546 silly addNameRange number 2 { name: 'redent', range: '>=3.0.0 <4.0.0', hasData: true }
547 silly addNameRange versions [ 'redent', [ '1.0.0', '2.0.0', '3.0.0', '4.0.0' ] ]
548 silly addNamed redent@3.0.0
549 verbose addNamed "3.0.0" is a plain semver version for redent
550 silly cache afterAdd chalk@3.0.0
551 verbose afterAdd /home/dave/.npm/chalk/3.0.0/package/package.json not in flight; writing
552 silly cache afterAdd css@3.0.0
553 verbose afterAdd /home/dave/.npm/css/3.0.0/package/package.json not in flight; writing
554 silly cache afterAdd aria-query@4.2.2
555 verbose afterAdd /home/dave/.npm/aria-query/4.2.2/package/package.json not in flight; writing
556 verbose stack Error: Missing required argument #1
556 verbose stack     at andLogAndFinish (/usr/share/npm/lib/fetch-package-metadata.js:31:3)
556 verbose stack     at fetchPackageMetadata (/usr/share/npm/lib/fetch-package-metadata.js:51:22)
556 verbose stack     at resolveWithNewModule (/usr/share/npm/lib/install/deps.js:456:12)
556 verbose stack     at /usr/share/npm/lib/install/deps.js:457:7
556 verbose stack     at /usr/share/npm/node_modules/iferr/index.js:13:50
556 verbose stack     at /usr/share/npm/lib/fetch-package-metadata.js:37:12
556 verbose stack     at addRequestedAndFinish (/usr/share/npm/lib/fetch-package-metadata.js:82:5)
556 verbose stack     at returnAndAddMetadata (/usr/share/npm/lib/fetch-package-metadata.js:117:7)
556 verbose stack     at pickVersionFromRegistryDocument (/usr/share/npm/lib/fetch-package-metadata.js:134:20)
556 verbose stack     at /usr/share/npm/node_modules/iferr/index.js:13:50
557 verbose cwd /mnt/c/Users/davei/git/react/01-starting-project
558 error Linux 4.4.0-19041-Microsoft
559 error argv "/usr/bin/node" "/usr/bin/npm" "install"
560 error node v8.10.0
561 error npm  v3.5.2
562 error code EMISSINGARG
563 error typeerror Error: Missing required argument #1
563 error typeerror     at andLogAndFinish (/usr/share/npm/lib/fetch-package-metadata.js:31:3)
563 error typeerror     at fetchPackageMetadata (/usr/share/npm/lib/fetch-package-metadata.js:51:22)
563 error typeerror     at resolveWithNewModule (/usr/share/npm/lib/install/deps.js:456:12)
563 error typeerror     at /usr/share/npm/lib/install/deps.js:457:7
563 error typeerror     at /usr/share/npm/node_modules/iferr/index.js:13:50
563 error typeerror     at /usr/share/npm/lib/fetch-package-metadata.js:37:12
563 error typeerror     at addRequestedAndFinish (/usr/share/npm/lib/fetch-package-metadata.js:82:5)
563 error typeerror     at returnAndAddMetadata (/usr/share/npm/lib/fetch-package-metadata.js:117:7)
563 error typeerror     at pickVersionFromRegistryDocument (/usr/share/npm/lib/fetch-package-metadata.js:134:20)
563 error typeerror     at /usr/share/npm/node_modules/iferr/index.js:13:50
564 error typeerror This is an error with npm itself. Please report this error at:
564 error typeerror     <http://github.com/npm/npm/issues>
565 verbose exit [ 1, true ]
